<?xml version="1.0" encoding="UTF-8"?>
<testng-results skipped="0" failed="0" ignored="0" total="3" passed="3">
  <reporter-output>
  </reporter-output>
  <suite name="Surefire suite" duration-ms="558" started-at="2018-02-20T14:43:30Z" finished-at="2018-02-20T14:43:30Z">
    <groups>
    </groups>
    <test name="Surefire test" duration-ms="558" started-at="2018-02-20T14:43:30Z" finished-at="2018-02-20T14:43:30Z">
      <class name="firstCheck.TestRun2">
        <test-method status="PASS" signature="myTest()[pri:0, instance:firstCheck.TestRun2@78691363]" name="myTest" duration-ms="7" started-at="2018-02-20T14:43:30Z" finished-at="2018-02-20T14:43:30Z">
          <reporter-output>
          </reporter-output>
        </test-method> <!-- myTest -->
      </class> <!-- firstCheck.TestRun2 -->
      <class name="firstCheck.TestRun">
        <test-method status="PASS" signature="Test2()[pri:0, instance:firstCheck.TestRun@397fbdb]" name="Test2" duration-ms="410" started-at="2018-02-20T14:43:30Z" finished-at="2018-02-20T14:43:30Z">
          <reporter-output>
          </reporter-output>
        </test-method> <!-- Test2 -->
        <test-method status="PASS" signature="TestI()[pri:0, instance:firstCheck.TestRun@397fbdb]" name="TestI" duration-ms="122" started-at="2018-02-20T14:43:30Z" finished-at="2018-02-20T14:43:30Z">
          <reporter-output>
          </reporter-output>
        </test-method> <!-- TestI -->
      </class> <!-- firstCheck.TestRun -->
    </test> <!-- Surefire test -->
  </suite> <!-- Surefire suite -->
</testng-results>
